[
  {
    "level": "INFO",
    "message": "android.ndkVersion from module build.gradle is [22.0.7026061]"
  },
  {
    "level": "INFO",
    "message": "android.ndkPath from module build.gradle is not set"
  },
  {
    "level": "INFO",
    "message": "ndk.dir in local.properties is /Users/ncabello/Library/Android/sdk/ndk"
  },
  {
    "level": "INFO",
    "message": "Not considering ANDROID_NDK_HOME because support was removed after deprecation period."
  },
  {
    "level": "INFO",
    "message": "sdkFolder is /Users/ncabello/Library/Android/sdk"
  },
  {
    "level": "ERROR",
    "message": "NDK at /Users/ncabello/Library/Android/sdk/ndk did not have a source.properties file"
  },
  {
    "level": "INFO",
    "message": "Folder /Users/ncabello/Library/Android/sdk/ndk does not exist. Ignoring."
  },
  {
    "level": "ERROR",
    "message": "Location specified by ndk.dir (/Users/ncabello/Library/Android/sdk/ndk) did not contain a valid NDK and couldn\u0027t be used"
  }
]